<?xml version="1.0" encoding="UTF-8"?>
<testng-results skipped="0" failed="0" total="1" passed="1">
  <reporter-output>
  </reporter-output>
  <suite name="Default suite" duration-ms="11678" started-at="2016-10-20T13:55:37Z" finished-at="2016-10-20T13:55:49Z">
    <groups>
    </groups>
    <test name="Default test" duration-ms="11678" started-at="2016-10-20T13:55:37Z" finished-at="2016-10-20T13:55:49Z">
      <class name="com.qait.hris.pages.HomePageTest">
        <test-method status="PASS" signature="launchHomePage()[pri:0, instance:com.qait.hris.pages.HomePageTest@1ca13fc1]" name="launchHomePage" is-config="true" duration-ms="6158" started-at="2016-10-20T19:25:37Z" finished-at="2016-10-20T19:25:43Z">
          <reporter-output>
          </reporter-output>
        </test-method> <!-- launchHomePage -->
        <test-method status="PASS" signature="logIn()[pri:0, instance:com.qait.hris.pages.HomePageTest@1ca13fc1]" name="logIn" duration-ms="5469" started-at="2016-10-20T19:25:43Z" finished-at="2016-10-20T19:25:49Z">
          <reporter-output>
          </reporter-output>
        </test-method> <!-- logIn -->
      </class> <!-- com.qait.hris.pages.HomePageTest -->
    </test> <!-- Default test -->
  </suite> <!-- Default suite -->
</testng-results>
